<?xml version="1.0" encoding="UTF-8"?>
<!-- Generated by org.testng.reporters.JUnitReportReporter -->
<testsuite hostname="TYSS-Shobha" failures="0" tests="2" name="Pratice.SoftAssertTest" time="0.009" errors="0" timestamp="2023-02-28T16:28:26 IST" skipped="0">
  <testcase classname="Pratice.SoftAssertTest" name="createContact" time="0.008"/>
  <system-out/>
  <testcase classname="Pratice.SoftAssertTest" name="modifyContact" time="0.001"/>
  <system-out/>
</testsuite> <!-- Pratice.SoftAssertTest -->
