<?xml version="1.0" encoding="UTF-8"?>
<!-- Generated by org.testng.reporters.JUnitReportReporter -->
<testsuite hostname="TYSS-Shobha" failures="0" tests="1" name="Sample.DemoPrg" time="17.078" errors="0" timestamp="2023-02-26T19:23:01 IST" skipped="0">
  <testcase classname="Sample.DemoPrg" name="createOrganizationTest" time="17.078"/>
  <system-out/>
</testsuite> <!-- Sample.DemoPrg -->
