<?xml version="1.0" encoding="UTF-8"?>
<!-- Generated by org.testng.reporters.JUnitReportReporter -->
<testsuite hostname="TYSS-Shobha" failures="0" tests="3" name="Pratice.DataProviderVtiger" time="49.118" errors="0" timestamp="2023-02-23T16:03:43 IST" skipped="0">
  <testcase classname="Pratice.DataProviderVtiger" name="companyDetails" time="17.390"/>
  <system-out/>
  <testcase classname="Pratice.DataProviderVtiger" name="companyDetails" time="15.901"/>
  <system-out/>
  <testcase classname="Pratice.DataProviderVtiger" name="companyDetails" time="15.827"/>
  <system-out/>
</testsuite> <!-- Pratice.DataProviderVtiger -->
