<?xml version="1.0" encoding="UTF-8"?>
<!-- Generated by org.testng.reporters.JUnitReportReporter -->
<testsuite hostname="TYSS-Shobha" failures="0" tests="2" name="Pratice.DataProviderFromExcel" time="32.374" errors="0" timestamp="2023-02-27T21:52:57 IST" skipped="0">
  <testcase classname="Pratice.DataProviderFromExcel" name="companyDetails" time="14.937"/>
  <system-out/>
  <testcase classname="Pratice.DataProviderFromExcel" name="companyDetails" time="17.437"/>
  <system-out/>
</testsuite> <!-- Pratice.DataProviderFromExcel -->
