<?xml version="1.0" encoding="UTF-8"?>
<!-- Generated by org.testng.reporters.JUnitReportReporter -->
<testsuite hostname="TYSS-Shobha" failures="0" tests="3" name="Pratice.DataProviderExcel" time="0.005" errors="0" timestamp="2023-02-28T16:13:22 IST" skipped="0">
  <testcase classname="Pratice.DataProviderExcel" name="readData" time="0.000"/>
  <system-out/>
  <testcase classname="Pratice.DataProviderExcel" name="readData" time="0.001"/>
  <system-out/>
  <testcase classname="Pratice.DataProviderExcel" name="readData" time="0.004"/>
  <system-out/>
</testsuite> <!-- Pratice.DataProviderExcel -->
