<?xml version="1.0" encoding="UTF-8"?>
<!-- Generated by org.testng.reporters.JUnitReportReporter -->
<testsuite hostname="TYSS-Shobha" failures="0" tests="4" name="Pratice.TestNGPratice" time="0.009" errors="0" timestamp="2023-02-22T16:36:38 IST" skipped="0">
  <testcase classname="Pratice.TestNGPratice" name="createContact" time="0.007"/>
  <system-out/>
  <testcase classname="Pratice.TestNGPratice" name="modifycontact" time="0.001"/>
  <system-out/>
  <testcase classname="Pratice.TestNGPratice" name="deletecontact" time="0.000"/>
  <system-out/>
  <testcase classname="Pratice.TestNGPratice" name="modifycontact" time="0.001"/>
  <system-out/>
</testsuite> <!-- Pratice.TestNGPratice -->
