<?xml version="1.0" encoding="UTF-8"?>
<!-- Generated by org.testng.reporters.JUnitReportReporter -->
<testsuite hostname="TYSS-Shobha" failures="0" tests="1" name="Campaign.CampaignsWithProductTest" time="37.741" errors="0" timestamp="2023-02-25T17:03:48 IST" skipped="0">
  <testcase classname="Campaign.CampaignsWithProductTest" name="campaignsWithProductTest" time="37.741"/>
  <system-out/>
</testsuite> <!-- Campaign.CampaignsWithProductTest -->
